[2025-11-19T05:14:45.663+0000] {local_task_job_runner.py:120} INFO - ::group::Pre task execution logs
[2025-11-19T05:14:45.698+0000] {taskinstance.py:2076} INFO - Dependencies all met for dep_context=non-requeueable deps ti=<TaskInstance: ebird_etl.load scheduled__2025-11-18T00:00:00+00:00 [queued]>
[2025-11-19T05:14:45.708+0000] {taskinstance.py:2076} INFO - Dependencies all met for dep_context=requeueable deps ti=<TaskInstance: ebird_etl.load scheduled__2025-11-18T00:00:00+00:00 [queued]>
[2025-11-19T05:14:45.708+0000] {taskinstance.py:2306} INFO - Starting attempt 6 of 6
[2025-11-19T05:14:45.717+0000] {taskinstance.py:2330} INFO - Executing <Task(PythonOperator): load> on 2025-11-18 00:00:00+00:00
[2025-11-19T05:14:45.723+0000] {standard_task_runner.py:64} INFO - Started process 652 to run task
[2025-11-19T05:14:45.726+0000] {standard_task_runner.py:90} INFO - Running: ['***', 'tasks', 'run', 'ebird_etl', 'load', 'scheduled__2025-11-18T00:00:00+00:00', '--job-id', '62', '--raw', '--subdir', 'DAGS_FOLDER/ebird_dag.py', '--cfg-path', '/tmp/tmpn_z1aj9o']
[2025-11-19T05:14:45.733+0000] {standard_task_runner.py:91} INFO - Job 62: Subtask load
[2025-11-19T05:14:45.750+0000] {logging_mixin.py:188} WARNING - /home/***/.local/lib/python3.10/site-packages/***/settings.py:195 DeprecationWarning: The sql_alchemy_conn option in [core] has been moved to the sql_alchemy_conn option in [database] - the old setting has been used, but please update your config.
[2025-11-19T05:14:45.784+0000] {task_command.py:426} INFO - Running <TaskInstance: ebird_etl.load scheduled__2025-11-18T00:00:00+00:00 [running]> on host f2d66115c881
[2025-11-19T05:14:45.866+0000] {taskinstance.py:2648} INFO - Exporting env vars: AIRFLOW_CTX_DAG_OWNER='ebird_project' AIRFLOW_CTX_DAG_ID='ebird_etl' AIRFLOW_CTX_TASK_ID='load' AIRFLOW_CTX_EXECUTION_DATE='2025-11-18T00:00:00+00:00' AIRFLOW_CTX_TRY_NUMBER='6' AIRFLOW_CTX_DAG_RUN_ID='scheduled__2025-11-18T00:00:00+00:00'
[2025-11-19T05:14:45.867+0000] {taskinstance.py:430} INFO - ::endgroup::
[2025-11-19T05:14:45.905+0000] {logging_mixin.py:188} INFO - Loaded states table into SQLite database at src/db/ebird.db
[2025-11-19T05:14:45.920+0000] {logging_mixin.py:188} INFO - Loaded lobdow observations into table 'species_lobdow' at src/db/ebird.db
[2025-11-19T05:14:45.928+0000] {logging_mixin.py:188} INFO - Loaded bnhcow observations into table 'species_bnhcow' at src/db/ebird.db
[2025-11-19T05:14:45.937+0000] {logging_mixin.py:188} INFO - Loaded sancra observations into table 'species_sancra' at src/db/ebird.db
[2025-11-19T05:14:45.942+0000] {logging_mixin.py:188} INFO - Loaded comloo observations into table 'species_comloo' at src/db/ebird.db
[2025-11-19T05:14:45.952+0000] {logging_mixin.py:188} INFO - Loaded notable birds into SQLite database at src/db/ebird.db
[2025-11-19T05:14:45.952+0000] {python.py:237} INFO - Done. Returned value was: None
[2025-11-19T05:14:45.953+0000] {taskinstance.py:441} INFO - ::group::Post task execution logs
[2025-11-19T05:14:45.959+0000] {taskinstance.py:1206} INFO - Marking task as SUCCESS. dag_id=ebird_etl, task_id=load, run_id=scheduled__2025-11-18T00:00:00+00:00, execution_date=20251118T000000, start_date=20251119T051445, end_date=20251119T051445
[2025-11-19T05:14:45.991+0000] {local_task_job_runner.py:243} INFO - Task exited with return code 0
[2025-11-19T05:14:46.026+0000] {taskinstance.py:3503} INFO - 0 downstream tasks scheduled from follow-on schedule check
[2025-11-19T05:14:46.040+0000] {local_task_job_runner.py:222} INFO - ::endgroup::
