[2025-11-19T05:11:35.275+0000] {local_task_job_runner.py:120} INFO - ::group::Pre task execution logs
[2025-11-19T05:11:35.296+0000] {taskinstance.py:2076} INFO - Dependencies all met for dep_context=non-requeueable deps ti=<TaskInstance: ebird_etl.load scheduled__2025-11-18T00:00:00+00:00 [queued]>
[2025-11-19T05:11:35.301+0000] {taskinstance.py:2076} INFO - Dependencies all met for dep_context=requeueable deps ti=<TaskInstance: ebird_etl.load scheduled__2025-11-18T00:00:00+00:00 [queued]>
[2025-11-19T05:11:35.301+0000] {taskinstance.py:2306} INFO - Starting attempt 4 of 4
[2025-11-19T05:11:35.309+0000] {taskinstance.py:2330} INFO - Executing <Task(PythonOperator): load> on 2025-11-18 00:00:00+00:00
[2025-11-19T05:11:35.313+0000] {standard_task_runner.py:64} INFO - Started process 589 to run task
[2025-11-19T05:11:35.316+0000] {standard_task_runner.py:90} INFO - Running: ['***', 'tasks', 'run', 'ebird_etl', 'load', 'scheduled__2025-11-18T00:00:00+00:00', '--job-id', '55', '--raw', '--subdir', 'DAGS_FOLDER/ebird_dag.py', '--cfg-path', '/tmp/tmpkqx3jjif']
[2025-11-19T05:11:35.317+0000] {standard_task_runner.py:91} INFO - Job 55: Subtask load
[2025-11-19T05:11:35.329+0000] {logging_mixin.py:188} WARNING - /home/***/.local/lib/python3.10/site-packages/***/settings.py:195 DeprecationWarning: The sql_alchemy_conn option in [core] has been moved to the sql_alchemy_conn option in [database] - the old setting has been used, but please update your config.
[2025-11-19T05:11:35.364+0000] {task_command.py:426} INFO - Running <TaskInstance: ebird_etl.load scheduled__2025-11-18T00:00:00+00:00 [running]> on host f2d66115c881
[2025-11-19T05:11:35.424+0000] {taskinstance.py:2648} INFO - Exporting env vars: AIRFLOW_CTX_DAG_OWNER='ebird_project' AIRFLOW_CTX_DAG_ID='ebird_etl' AIRFLOW_CTX_TASK_ID='load' AIRFLOW_CTX_EXECUTION_DATE='2025-11-18T00:00:00+00:00' AIRFLOW_CTX_TRY_NUMBER='4' AIRFLOW_CTX_DAG_RUN_ID='scheduled__2025-11-18T00:00:00+00:00'
[2025-11-19T05:11:35.427+0000] {taskinstance.py:430} INFO - ::endgroup::
[2025-11-19T05:11:35.468+0000] {logging_mixin.py:188} INFO - Loaded states table into SQLite database at src/db/ebird.db
[2025-11-19T05:11:35.478+0000] {logging_mixin.py:188} INFO - Loaded lobdow observations into table 'species_lobdow' at src/db/ebird.db
[2025-11-19T05:11:35.497+0000] {logging_mixin.py:188} INFO - Loaded bnhcow observations into table 'species_bnhcow' at src/db/ebird.db
[2025-11-19T05:11:35.505+0000] {logging_mixin.py:188} INFO - Loaded sancra observations into table 'species_sancra' at src/db/ebird.db
[2025-11-19T05:11:35.513+0000] {logging_mixin.py:188} INFO - Loaded comloo observations into table 'species_comloo' at src/db/ebird.db
[2025-11-19T05:11:35.521+0000] {logging_mixin.py:188} INFO - Loaded notable birds into SQLite database at src/db/ebird.db
[2025-11-19T05:11:35.522+0000] {python.py:237} INFO - Done. Returned value was: None
[2025-11-19T05:11:35.522+0000] {taskinstance.py:441} INFO - ::group::Post task execution logs
[2025-11-19T05:11:35.530+0000] {taskinstance.py:1206} INFO - Marking task as SUCCESS. dag_id=ebird_etl, task_id=load, run_id=scheduled__2025-11-18T00:00:00+00:00, execution_date=20251118T000000, start_date=20251119T051135, end_date=20251119T051135
[2025-11-19T05:11:35.542+0000] {local_task_job_runner.py:243} INFO - Task exited with return code 0
[2025-11-19T05:11:35.555+0000] {taskinstance.py:3503} INFO - 0 downstream tasks scheduled from follow-on schedule check
[2025-11-19T05:11:35.556+0000] {local_task_job_runner.py:222} INFO - ::endgroup::
