[2025-11-19T05:05:20.302+0000] {local_task_job_runner.py:120} INFO - ::group::Pre task execution logs
[2025-11-19T05:05:20.323+0000] {taskinstance.py:2076} INFO - Dependencies all met for dep_context=non-requeueable deps ti=<TaskInstance: ebird_etl.load scheduled__2025-11-18T00:00:00+00:00 [queued]>
[2025-11-19T05:05:20.327+0000] {taskinstance.py:2076} INFO - Dependencies all met for dep_context=requeueable deps ti=<TaskInstance: ebird_etl.load scheduled__2025-11-18T00:00:00+00:00 [queued]>
[2025-11-19T05:05:20.327+0000] {taskinstance.py:2306} INFO - Starting attempt 2 of 2
[2025-11-19T05:05:20.334+0000] {taskinstance.py:2330} INFO - Executing <Task(PythonOperator): load> on 2025-11-18 00:00:00+00:00
[2025-11-19T05:05:20.339+0000] {standard_task_runner.py:64} INFO - Started process 475 to run task
[2025-11-19T05:05:20.344+0000] {standard_task_runner.py:90} INFO - Running: ['***', 'tasks', 'run', 'ebird_etl', 'load', 'scheduled__2025-11-18T00:00:00+00:00', '--job-id', '43', '--raw', '--subdir', 'DAGS_FOLDER/ebird_dag.py', '--cfg-path', '/tmp/tmpjbu66usa']
[2025-11-19T05:05:20.351+0000] {standard_task_runner.py:91} INFO - Job 43: Subtask load
[2025-11-19T05:05:20.377+0000] {logging_mixin.py:188} WARNING - /home/***/.local/lib/python3.10/site-packages/***/settings.py:195 DeprecationWarning: The sql_alchemy_conn option in [core] has been moved to the sql_alchemy_conn option in [database] - the old setting has been used, but please update your config.
[2025-11-19T05:05:20.436+0000] {task_command.py:426} INFO - Running <TaskInstance: ebird_etl.load scheduled__2025-11-18T00:00:00+00:00 [running]> on host f2d66115c881
[2025-11-19T05:05:20.573+0000] {taskinstance.py:2648} INFO - Exporting env vars: AIRFLOW_CTX_DAG_OWNER='ebird_project' AIRFLOW_CTX_DAG_ID='ebird_etl' AIRFLOW_CTX_TASK_ID='load' AIRFLOW_CTX_EXECUTION_DATE='2025-11-18T00:00:00+00:00' AIRFLOW_CTX_TRY_NUMBER='2' AIRFLOW_CTX_DAG_RUN_ID='scheduled__2025-11-18T00:00:00+00:00'
[2025-11-19T05:05:20.574+0000] {taskinstance.py:430} INFO - ::endgroup::
[2025-11-19T05:05:20.612+0000] {logging_mixin.py:188} INFO - Loaded states table into SQLite database at src/db/ebird.db
[2025-11-19T05:05:20.621+0000] {logging_mixin.py:188} INFO - Loaded lobdow observations into table 'species_lobdow' at src/db/ebird.db
[2025-11-19T05:05:20.629+0000] {logging_mixin.py:188} INFO - Loaded sancra observations into table 'species_sancra' at src/db/ebird.db
[2025-11-19T05:05:20.636+0000] {logging_mixin.py:188} INFO - Loaded notable birds into SQLite database at src/db/ebird.db
[2025-11-19T05:05:20.636+0000] {python.py:237} INFO - Done. Returned value was: None
[2025-11-19T05:05:20.636+0000] {taskinstance.py:441} INFO - ::group::Post task execution logs
[2025-11-19T05:05:20.643+0000] {taskinstance.py:1206} INFO - Marking task as SUCCESS. dag_id=ebird_etl, task_id=load, run_id=scheduled__2025-11-18T00:00:00+00:00, execution_date=20251118T000000, start_date=20251119T050520, end_date=20251119T050520
[2025-11-19T05:05:20.691+0000] {local_task_job_runner.py:243} INFO - Task exited with return code 0
[2025-11-19T05:05:20.704+0000] {taskinstance.py:3503} INFO - 0 downstream tasks scheduled from follow-on schedule check
[2025-11-19T05:05:20.705+0000] {local_task_job_runner.py:222} INFO - ::endgroup::
