[2025-11-19T04:34:34.502+0000] {local_task_job_runner.py:120} INFO - ::group::Pre task execution logs
[2025-11-19T04:34:34.528+0000] {taskinstance.py:2076} INFO - Dependencies all met for dep_context=non-requeueable deps ti=<TaskInstance: ebird_etl.transform manual__2025-11-19T04:34:30.622313+00:00 [queued]>
[2025-11-19T04:34:34.536+0000] {taskinstance.py:2076} INFO - Dependencies all met for dep_context=requeueable deps ti=<TaskInstance: ebird_etl.transform manual__2025-11-19T04:34:30.622313+00:00 [queued]>
[2025-11-19T04:34:34.537+0000] {taskinstance.py:2306} INFO - Starting attempt 1 of 1
[2025-11-19T04:34:34.545+0000] {taskinstance.py:2330} INFO - Executing <Task(PythonOperator): transform> on 2025-11-19 04:34:30.622313+00:00
[2025-11-19T04:34:34.552+0000] {standard_task_runner.py:64} INFO - Started process 425 to run task
[2025-11-19T04:34:34.557+0000] {standard_task_runner.py:90} INFO - Running: ['***', 'tasks', 'run', 'ebird_etl', 'transform', 'manual__2025-11-19T04:34:30.622313+00:00', '--job-id', '9', '--raw', '--subdir', 'DAGS_FOLDER/ebird_dag.py', '--cfg-path', '/tmp/tmpo9b1212f']
[2025-11-19T04:34:34.559+0000] {standard_task_runner.py:91} INFO - Job 9: Subtask transform
[2025-11-19T04:34:34.577+0000] {logging_mixin.py:188} WARNING - /home/***/.local/lib/python3.10/site-packages/***/settings.py:195 DeprecationWarning: The sql_alchemy_conn option in [core] has been moved to the sql_alchemy_conn option in [database] - the old setting has been used, but please update your config.
[2025-11-19T04:34:34.610+0000] {task_command.py:426} INFO - Running <TaskInstance: ebird_etl.transform manual__2025-11-19T04:34:30.622313+00:00 [running]> on host 6275a04faaa9
[2025-11-19T04:34:34.695+0000] {taskinstance.py:2648} INFO - Exporting env vars: AIRFLOW_CTX_DAG_OWNER='ebird_project' AIRFLOW_CTX_DAG_ID='ebird_etl' AIRFLOW_CTX_TASK_ID='transform' AIRFLOW_CTX_EXECUTION_DATE='2025-11-19T04:34:30.622313+00:00' AIRFLOW_CTX_TRY_NUMBER='1' AIRFLOW_CTX_DAG_RUN_ID='manual__2025-11-19T04:34:30.622313+00:00'
[2025-11-19T04:34:34.697+0000] {taskinstance.py:430} INFO - ::endgroup::
[2025-11-19T04:34:34.741+0000] {taskinstance.py:441} INFO - ::group::Post task execution logs
[2025-11-19T04:34:34.741+0000] {taskinstance.py:2905} ERROR - Task failed with exception
Traceback (most recent call last):
  File "/home/airflow/.local/lib/python3.10/site-packages/airflow/models/taskinstance.py", line 465, in _execute_task
    result = _execute_callable(context=context, **execute_callable_kwargs)
  File "/home/airflow/.local/lib/python3.10/site-packages/airflow/models/taskinstance.py", line 432, in _execute_callable
    return execute_callable(context=context, **execute_callable_kwargs)
  File "/home/airflow/.local/lib/python3.10/site-packages/airflow/models/baseoperator.py", line 401, in wrapper
    return func(self, *args, **kwargs)
  File "/home/airflow/.local/lib/python3.10/site-packages/airflow/operators/python.py", line 235, in execute
    return_value = self.execute_callable()
  File "/home/airflow/.local/lib/python3.10/site-packages/airflow/operators/python.py", line 252, in execute_callable
    return self.python_callable(*self.op_args, **self.op_kwargs)
  File "/opt/airflow/dags/ebird_dag.py", line 50, in transform_task
    us_states = gpd.read_file("/opt/airflow/src/cb_2018_us_state_20m.shp")
  File "/home/airflow/.local/lib/python3.10/site-packages/geopandas/io/file.py", line 316, in _read_file
    return _read_file_pyogrio(
  File "/home/airflow/.local/lib/python3.10/site-packages/geopandas/io/file.py", line 576, in _read_file_pyogrio
    return pyogrio.read_dataframe(path_or_bytes, bbox=bbox, **kwargs)
  File "/home/airflow/.local/lib/python3.10/site-packages/pyogrio/geopandas.py", line 275, in read_dataframe
    result = read_func(
  File "/home/airflow/.local/lib/python3.10/site-packages/pyogrio/raw.py", line 198, in read
    return ogr_read(
  File "pyogrio/_io.pyx", line 1313, in pyogrio._io.ogr_read
  File "pyogrio/_io.pyx", line 232, in pyogrio._io.ogr_open
pyogrio.errors.DataSourceError: Unable to open /opt/***/src/cb_2018_us_state_20m.shx or /opt/***/src/cb_2018_us_state_20m.SHX. Set SHAPE_RESTORE_SHX config option to YES to restore or create it.
[2025-11-19T04:34:34.749+0000] {taskinstance.py:1206} INFO - Marking task as FAILED. dag_id=ebird_etl, task_id=transform, run_id=manual__2025-11-19T04:34:30.622313+00:00, execution_date=20251119T043430, start_date=20251119T043434, end_date=20251119T043434
[2025-11-19T04:34:34.755+0000] {standard_task_runner.py:110} ERROR - Failed to execute job 9 for task transform (Unable to open /opt/***/src/cb_2018_us_state_20m.shx or /opt/***/src/cb_2018_us_state_20m.SHX. Set SHAPE_RESTORE_SHX config option to YES to restore or create it.; 425)
[2025-11-19T04:34:34.782+0000] {local_task_job_runner.py:243} INFO - Task exited with return code 1
[2025-11-19T04:34:34.807+0000] {taskinstance.py:3503} INFO - 0 downstream tasks scheduled from follow-on schedule check
[2025-11-19T04:34:34.809+0000] {local_task_job_runner.py:222} INFO - ::endgroup::
