[2025-11-19T05:14:51.779+0000] {local_task_job_runner.py:120} INFO - ::group::Pre task execution logs
[2025-11-19T05:14:51.796+0000] {taskinstance.py:2076} INFO - Dependencies all met for dep_context=non-requeueable deps ti=<TaskInstance: ebird_etl.load manual__2025-11-19T05:14:43.962100+00:00 [queued]>
[2025-11-19T05:14:51.800+0000] {taskinstance.py:2076} INFO - Dependencies all met for dep_context=requeueable deps ti=<TaskInstance: ebird_etl.load manual__2025-11-19T05:14:43.962100+00:00 [queued]>
[2025-11-19T05:14:51.800+0000] {taskinstance.py:2306} INFO - Starting attempt 1 of 1
[2025-11-19T05:14:51.806+0000] {taskinstance.py:2330} INFO - Executing <Task(PythonOperator): load> on 2025-11-19 05:14:43.962100+00:00
[2025-11-19T05:14:51.810+0000] {standard_task_runner.py:64} INFO - Started process 658 to run task
[2025-11-19T05:14:51.813+0000] {standard_task_runner.py:90} INFO - Running: ['***', 'tasks', 'run', 'ebird_etl', 'load', 'manual__2025-11-19T05:14:43.962100+00:00', '--job-id', '64', '--raw', '--subdir', 'DAGS_FOLDER/ebird_dag.py', '--cfg-path', '/tmp/tmptbjcuaa0']
[2025-11-19T05:14:51.814+0000] {standard_task_runner.py:91} INFO - Job 64: Subtask load
[2025-11-19T05:14:51.824+0000] {logging_mixin.py:188} WARNING - /home/***/.local/lib/python3.10/site-packages/***/settings.py:195 DeprecationWarning: The sql_alchemy_conn option in [core] has been moved to the sql_alchemy_conn option in [database] - the old setting has been used, but please update your config.
[2025-11-19T05:14:51.845+0000] {task_command.py:426} INFO - Running <TaskInstance: ebird_etl.load manual__2025-11-19T05:14:43.962100+00:00 [running]> on host f2d66115c881
[2025-11-19T05:14:51.895+0000] {taskinstance.py:2648} INFO - Exporting env vars: AIRFLOW_CTX_DAG_OWNER='ebird_project' AIRFLOW_CTX_DAG_ID='ebird_etl' AIRFLOW_CTX_TASK_ID='load' AIRFLOW_CTX_EXECUTION_DATE='2025-11-19T05:14:43.962100+00:00' AIRFLOW_CTX_TRY_NUMBER='1' AIRFLOW_CTX_DAG_RUN_ID='manual__2025-11-19T05:14:43.962100+00:00'
[2025-11-19T05:14:51.895+0000] {taskinstance.py:430} INFO - ::endgroup::
[2025-11-19T05:14:51.994+0000] {logging_mixin.py:188} INFO - Loaded states table into SQLite database at src/db/ebird.db
[2025-11-19T05:14:52.002+0000] {logging_mixin.py:188} INFO - Loaded lobdow observations into table 'species_lobdow' at src/db/ebird.db
[2025-11-19T05:14:52.009+0000] {logging_mixin.py:188} INFO - Loaded bnhcow observations into table 'species_bnhcow' at src/db/ebird.db
[2025-11-19T05:14:52.015+0000] {logging_mixin.py:188} INFO - Loaded sancra observations into table 'species_sancra' at src/db/ebird.db
[2025-11-19T05:14:52.021+0000] {logging_mixin.py:188} INFO - Loaded comloo observations into table 'species_comloo' at src/db/ebird.db
[2025-11-19T05:14:52.027+0000] {logging_mixin.py:188} INFO - Loaded notable birds into SQLite database at src/db/ebird.db
[2025-11-19T05:14:52.028+0000] {python.py:237} INFO - Done. Returned value was: None
[2025-11-19T05:14:52.028+0000] {taskinstance.py:441} INFO - ::group::Post task execution logs
[2025-11-19T05:14:52.035+0000] {taskinstance.py:1206} INFO - Marking task as SUCCESS. dag_id=ebird_etl, task_id=load, run_id=manual__2025-11-19T05:14:43.962100+00:00, execution_date=20251119T051443, start_date=20251119T051451, end_date=20251119T051452
[2025-11-19T05:14:52.080+0000] {local_task_job_runner.py:243} INFO - Task exited with return code 0
[2025-11-19T05:14:52.092+0000] {taskinstance.py:3503} INFO - 0 downstream tasks scheduled from follow-on schedule check
[2025-11-19T05:14:52.093+0000] {local_task_job_runner.py:222} INFO - ::endgroup::
