[2025-11-19T04:18:41.156+0000] {manager.py:470} INFO - Processing files using up to 2 processes at a time 
[2025-11-19T04:18:41.158+0000] {manager.py:471} INFO - Process each file at most once every 30 seconds
[2025-11-19T04:18:41.158+0000] {manager.py:472} INFO - Checking for new files in /opt/airflow/dags every 300 seconds
[2025-11-19T04:18:41.158+0000] {manager.py:737} INFO - Searching for files in /opt/airflow/dags
[2025-11-19T04:18:41.163+0000] {manager.py:740} INFO - There are 1 files in /opt/airflow/dags
[2025-11-19T04:18:41.222+0000] {manager.py:878} INFO - 
================================================================================
DAG File Processing Stats

File Path                         PID  Runtime      # DAGs    # Errors  Last Runtime    Last Run
------------------------------  -----  ---------  --------  ----------  --------------  ----------
/opt/airflow/dags/ebird_dag.py    192  0.03s             0           0
================================================================================
[2025-11-19T04:19:11.480+0000] {manager.py:878} INFO - 
================================================================================
DAG File Processing Stats

File Path                       PID    Runtime      # DAGs    # Errors  Last Runtime    Last Run
------------------------------  -----  ---------  --------  ----------  --------------  -------------------
/opt/airflow/dags/ebird_dag.py                           0           1  0.43s           2025-11-19T04:18:41
================================================================================
[2025-11-19T04:19:41.564+0000] {manager.py:878} INFO - 
================================================================================
DAG File Processing Stats

File Path                       PID    Runtime      # DAGs    # Errors  Last Runtime    Last Run
------------------------------  -----  ---------  --------  ----------  --------------  -------------------
/opt/airflow/dags/ebird_dag.py                           0           1  0.48s           2025-11-19T04:19:12
================================================================================
[2025-11-19T04:20:11.792+0000] {manager.py:878} INFO - 
================================================================================
DAG File Processing Stats

File Path                       PID    Runtime      # DAGs    # Errors  Last Runtime    Last Run
------------------------------  -----  ---------  --------  ----------  --------------  -------------------
/opt/airflow/dags/ebird_dag.py                           0           1  0.51s           2025-11-19T04:19:43
================================================================================
[2025-11-19T04:20:42.074+0000] {manager.py:878} INFO - 
================================================================================
DAG File Processing Stats

File Path                       PID    Runtime      # DAGs    # Errors  Last Runtime    Last Run
------------------------------  -----  ---------  --------  ----------  --------------  -------------------
/opt/airflow/dags/ebird_dag.py                           0           1  0.43s           2025-11-19T04:20:13
================================================================================
[2025-11-19T04:21:12.328+0000] {manager.py:878} INFO - 
================================================================================
DAG File Processing Stats

File Path                       PID    Runtime      # DAGs    # Errors  Last Runtime    Last Run
------------------------------  -----  ---------  --------  ----------  --------------  -------------------
/opt/airflow/dags/ebird_dag.py                           0           1  0.57s           2025-11-19T04:20:44
================================================================================
[2025-11-19T04:21:42.622+0000] {manager.py:878} INFO - 
================================================================================
DAG File Processing Stats

File Path                       PID    Runtime      # DAGs    # Errors  Last Runtime    Last Run
------------------------------  -----  ---------  --------  ----------  --------------  -------------------
/opt/airflow/dags/ebird_dag.py                           0           1  0.39s           2025-11-19T04:21:15
================================================================================
[2025-11-19T04:22:12.939+0000] {manager.py:878} INFO - 
================================================================================
DAG File Processing Stats

File Path                       PID    Runtime      # DAGs    # Errors  Last Runtime    Last Run
------------------------------  -----  ---------  --------  ----------  --------------  -------------------
/opt/airflow/dags/ebird_dag.py                           0           1  0.43s           2025-11-19T04:21:46
================================================================================
[2025-11-19T04:22:43.060+0000] {manager.py:878} INFO - 
================================================================================
DAG File Processing Stats

File Path                       PID    Runtime      # DAGs    # Errors  Last Runtime    Last Run
------------------------------  -----  ---------  --------  ----------  --------------  -------------------
/opt/airflow/dags/ebird_dag.py                           0           1  0.46s           2025-11-19T04:22:16
================================================================================
[2025-11-19T04:23:13.461+0000] {manager.py:878} INFO - 
================================================================================
DAG File Processing Stats

File Path                       PID    Runtime      # DAGs    # Errors  Last Runtime    Last Run
------------------------------  -----  ---------  --------  ----------  --------------  -------------------
/opt/airflow/dags/ebird_dag.py                           0           1  0.42s           2025-11-19T04:22:47
================================================================================
[2025-11-19T04:23:41.529+0000] {manager.py:737} INFO - Searching for files in /opt/airflow/dags
[2025-11-19T04:23:41.539+0000] {manager.py:740} INFO - There are 1 files in /opt/airflow/dags
[2025-11-19T04:23:43.607+0000] {manager.py:878} INFO - 
================================================================================
DAG File Processing Stats

File Path                       PID    Runtime      # DAGs    # Errors  Last Runtime    Last Run
------------------------------  -----  ---------  --------  ----------  --------------  -------------------
/opt/airflow/dags/ebird_dag.py                           0           1  0.49s           2025-11-19T04:23:18
================================================================================
[2025-11-19T04:24:13.914+0000] {manager.py:878} INFO - 
================================================================================
DAG File Processing Stats

File Path                       PID    Runtime      # DAGs    # Errors  Last Runtime    Last Run
------------------------------  -----  ---------  --------  ----------  --------------  -------------------
/opt/airflow/dags/ebird_dag.py                           0           1  0.38s           2025-11-19T04:23:49
================================================================================
[2025-11-19T04:24:44.643+0000] {manager.py:878} INFO - 
================================================================================
DAG File Processing Stats

File Path                       PID    Runtime      # DAGs    # Errors  Last Runtime    Last Run
------------------------------  -----  ---------  --------  ----------  --------------  -------------------
/opt/airflow/dags/ebird_dag.py                           1           0  1.54s           2025-11-19T04:24:20
================================================================================
[2025-11-19T04:25:15.034+0000] {manager.py:878} INFO - 
================================================================================
DAG File Processing Stats

File Path                       PID    Runtime      # DAGs    # Errors  Last Runtime    Last Run
------------------------------  -----  ---------  --------  ----------  --------------  -------------------
/opt/airflow/dags/ebird_dag.py                           1           0  0.62s           2025-11-19T04:24:51
================================================================================
[2025-11-19T04:25:45.335+0000] {manager.py:878} INFO - 
================================================================================
DAG File Processing Stats

File Path                       PID    Runtime      # DAGs    # Errors  Last Runtime    Last Run
------------------------------  -----  ---------  --------  ----------  --------------  -------------------
/opt/airflow/dags/ebird_dag.py                           1           0  0.50s           2025-11-19T04:25:22
================================================================================
[2025-11-19T04:26:16.124+0000] {manager.py:878} INFO - 
================================================================================
DAG File Processing Stats

File Path                       PID    Runtime      # DAGs    # Errors  Last Runtime    Last Run
------------------------------  -----  ---------  --------  ----------  --------------  -------------------
/opt/airflow/dags/ebird_dag.py                           1           0  0.60s           2025-11-19T04:25:52
================================================================================
[2025-11-19T04:26:46.538+0000] {manager.py:878} INFO - 
================================================================================
DAG File Processing Stats

File Path                       PID    Runtime      # DAGs    # Errors  Last Runtime    Last Run
------------------------------  -----  ---------  --------  ----------  --------------  -------------------
/opt/airflow/dags/ebird_dag.py                           1           0  0.54s           2025-11-19T04:26:23
================================================================================
[2025-11-19T04:27:16.785+0000] {manager.py:878} INFO - 
================================================================================
DAG File Processing Stats

File Path                       PID    Runtime      # DAGs    # Errors  Last Runtime    Last Run
------------------------------  -----  ---------  --------  ----------  --------------  -------------------
/opt/airflow/dags/ebird_dag.py                           1           0  0.54s           2025-11-19T04:26:54
================================================================================
[2025-11-19T04:27:47.562+0000] {manager.py:878} INFO - 
================================================================================
DAG File Processing Stats

File Path                       PID    Runtime      # DAGs    # Errors  Last Runtime    Last Run
------------------------------  -----  ---------  --------  ----------  --------------  -------------------
/opt/airflow/dags/ebird_dag.py                           1           0  0.52s           2025-11-19T04:27:25
================================================================================
[2025-11-19T04:28:17.873+0000] {manager.py:878} INFO - 
================================================================================
DAG File Processing Stats

File Path                       PID    Runtime      # DAGs    # Errors  Last Runtime    Last Run
------------------------------  -----  ---------  --------  ----------  --------------  -------------------
/opt/airflow/dags/ebird_dag.py                           1           0  0.51s           2025-11-19T04:27:56
================================================================================
[2025-11-19T04:28:41.559+0000] {manager.py:737} INFO - Searching for files in /opt/airflow/dags
[2025-11-19T04:28:41.566+0000] {manager.py:740} INFO - There are 1 files in /opt/airflow/dags
[2025-11-19T04:28:48.107+0000] {manager.py:878} INFO - 
================================================================================
DAG File Processing Stats

File Path                       PID    Runtime      # DAGs    # Errors  Last Runtime    Last Run
------------------------------  -----  ---------  --------  ----------  --------------  -------------------
/opt/airflow/dags/ebird_dag.py                           1           0  0.52s           2025-11-19T04:28:26
================================================================================
[2025-11-19T04:29:18.415+0000] {manager.py:878} INFO - 
================================================================================
DAG File Processing Stats

File Path                       PID    Runtime      # DAGs    # Errors  Last Runtime    Last Run
------------------------------  -----  ---------  --------  ----------  --------------  -------------------
/opt/airflow/dags/ebird_dag.py                           1           0  0.49s           2025-11-19T04:28:57
================================================================================
[2025-11-19T04:29:48.723+0000] {manager.py:878} INFO - 
================================================================================
DAG File Processing Stats

File Path                       PID    Runtime      # DAGs    # Errors  Last Runtime    Last Run
------------------------------  -----  ---------  --------  ----------  --------------  -------------------
/opt/airflow/dags/ebird_dag.py                           1           0  0.64s           2025-11-19T04:29:28
================================================================================
[2025-11-19T04:30:19.295+0000] {manager.py:878} INFO - 
================================================================================
DAG File Processing Stats

File Path                       PID    Runtime      # DAGs    # Errors  Last Runtime    Last Run
------------------------------  -----  ---------  --------  ----------  --------------  -------------------
/opt/airflow/dags/ebird_dag.py                           1           0  0.59s           2025-11-19T04:29:59
================================================================================
[2025-11-19T04:30:49.876+0000] {manager.py:878} INFO - 
================================================================================
DAG File Processing Stats

File Path                       PID    Runtime      # DAGs    # Errors  Last Runtime    Last Run
------------------------------  -----  ---------  --------  ----------  --------------  -------------------
/opt/airflow/dags/ebird_dag.py                           1           0  0.51s           2025-11-19T04:30:29
================================================================================
[2025-11-19T04:31:20.414+0000] {manager.py:878} INFO - 
================================================================================
DAG File Processing Stats

File Path                       PID    Runtime      # DAGs    # Errors  Last Runtime    Last Run
------------------------------  -----  ---------  --------  ----------  --------------  -------------------
/opt/airflow/dags/ebird_dag.py                           1           0  0.48s           2025-11-19T04:31:00
================================================================================
[2025-11-19T04:31:50.919+0000] {manager.py:878} INFO - 
================================================================================
DAG File Processing Stats

File Path                       PID    Runtime      # DAGs    # Errors  Last Runtime    Last Run
------------------------------  -----  ---------  --------  ----------  --------------  -------------------
/opt/airflow/dags/ebird_dag.py                           1           0  0.49s           2025-11-19T04:31:30
================================================================================
[2025-11-19T04:32:21.416+0000] {manager.py:878} INFO - 
================================================================================
DAG File Processing Stats

File Path                       PID    Runtime      # DAGs    # Errors  Last Runtime    Last Run
------------------------------  -----  ---------  --------  ----------  --------------  -------------------
/opt/airflow/dags/ebird_dag.py                           1           0  0.46s           2025-11-19T04:32:01
================================================================================
[2025-11-19T04:32:51.901+0000] {manager.py:878} INFO - 
================================================================================
DAG File Processing Stats

File Path                       PID    Runtime      # DAGs    # Errors  Last Runtime    Last Run
------------------------------  -----  ---------  --------  ----------  --------------  -------------------
/opt/airflow/dags/ebird_dag.py                           1           0  0.47s           2025-11-19T04:32:31
================================================================================
[2025-11-19T04:33:21.910+0000] {manager.py:878} INFO - 
================================================================================
DAG File Processing Stats

File Path                       PID    Runtime      # DAGs    # Errors  Last Runtime    Last Run
------------------------------  -----  ---------  --------  ----------  --------------  -------------------
/opt/airflow/dags/ebird_dag.py                           1           0  0.48s           2025-11-19T04:33:02
================================================================================
[2025-11-19T04:33:41.763+0000] {manager.py:737} INFO - Searching for files in /opt/airflow/dags
[2025-11-19T04:33:41.770+0000] {manager.py:740} INFO - There are 1 files in /opt/airflow/dags
[2025-11-19T04:33:52.133+0000] {manager.py:878} INFO - 
================================================================================
DAG File Processing Stats

File Path                       PID    Runtime      # DAGs    # Errors  Last Runtime    Last Run
------------------------------  -----  ---------  --------  ----------  --------------  -------------------
/opt/airflow/dags/ebird_dag.py                           1           0  0.32s           2025-11-19T04:33:39
================================================================================
[2025-11-19T04:34:22.427+0000] {manager.py:878} INFO - 
================================================================================
DAG File Processing Stats

File Path                       PID    Runtime      # DAGs    # Errors  Last Runtime    Last Run
------------------------------  -----  ---------  --------  ----------  --------------  -------------------
/opt/airflow/dags/ebird_dag.py                           1           0  0.53s           2025-11-19T04:34:09
================================================================================
[2025-11-19T04:34:52.766+0000] {manager.py:878} INFO - 
================================================================================
DAG File Processing Stats

File Path                       PID    Runtime      # DAGs    # Errors  Last Runtime    Last Run
------------------------------  -----  ---------  --------  ----------  --------------  -------------------
/opt/airflow/dags/ebird_dag.py                           1           0  0.51s           2025-11-19T04:34:40
================================================================================
[2025-11-19T04:35:23.252+0000] {manager.py:878} INFO - 
================================================================================
DAG File Processing Stats

File Path                       PID    Runtime      # DAGs    # Errors  Last Runtime    Last Run
------------------------------  -----  ---------  --------  ----------  --------------  -------------------
/opt/airflow/dags/ebird_dag.py                           1           0  0.49s           2025-11-19T04:35:11
================================================================================
[2025-11-19T04:35:53.821+0000] {manager.py:878} INFO - 
================================================================================
DAG File Processing Stats

File Path                       PID    Runtime      # DAGs    # Errors  Last Runtime    Last Run
------------------------------  -----  ---------  --------  ----------  --------------  -------------------
/opt/airflow/dags/ebird_dag.py                           1           0  0.52s           2025-11-19T04:35:41
================================================================================
[2025-11-19T04:36:23.840+0000] {manager.py:878} INFO - 
================================================================================
DAG File Processing Stats

File Path                       PID    Runtime      # DAGs    # Errors  Last Runtime    Last Run
------------------------------  -----  ---------  --------  ----------  --------------  -------------------
/opt/airflow/dags/ebird_dag.py                           1           0  0.47s           2025-11-19T04:36:12
================================================================================
[2025-11-19T04:36:54.102+0000] {manager.py:878} INFO - 
================================================================================
DAG File Processing Stats

File Path                       PID    Runtime      # DAGs    # Errors  Last Runtime    Last Run
------------------------------  -----  ---------  --------  ----------  --------------  -------------------
/opt/airflow/dags/ebird_dag.py                           1           0  0.47s           2025-11-19T04:36:43
================================================================================
[2025-11-19T04:37:24.574+0000] {manager.py:878} INFO - 
================================================================================
DAG File Processing Stats

File Path                       PID    Runtime      # DAGs    # Errors  Last Runtime    Last Run
------------------------------  -----  ---------  --------  ----------  --------------  -------------------
/opt/airflow/dags/ebird_dag.py                           1           0  0.47s           2025-11-19T04:37:13
================================================================================
[2025-11-19T04:37:55.072+0000] {manager.py:878} INFO - 
================================================================================
DAG File Processing Stats

File Path                       PID    Runtime      # DAGs    # Errors  Last Runtime    Last Run
------------------------------  -----  ---------  --------  ----------  --------------  -------------------
/opt/airflow/dags/ebird_dag.py                           1           0  0.59s           2025-11-19T04:37:44
================================================================================
[2025-11-19T04:38:25.249+0000] {manager.py:878} INFO - 
================================================================================
DAG File Processing Stats

File Path                       PID    Runtime      # DAGs    # Errors  Last Runtime    Last Run
------------------------------  -----  ---------  --------  ----------  --------------  -------------------
/opt/airflow/dags/ebird_dag.py                           1           0  0.52s           2025-11-19T04:38:15
================================================================================
[2025-11-19T04:38:42.504+0000] {manager.py:737} INFO - Searching for files in /opt/airflow/dags
[2025-11-19T04:38:42.515+0000] {manager.py:740} INFO - There are 1 files in /opt/airflow/dags
[2025-11-19T04:38:55.663+0000] {manager.py:878} INFO - 
================================================================================
DAG File Processing Stats

File Path                       PID    Runtime      # DAGs    # Errors  Last Runtime    Last Run
------------------------------  -----  ---------  --------  ----------  --------------  -------------------
/opt/airflow/dags/ebird_dag.py                           1           0  0.58s           2025-11-19T04:38:28
================================================================================
[2025-11-19T04:39:25.960+0000] {manager.py:878} INFO - 
================================================================================
DAG File Processing Stats

File Path                       PID    Runtime      # DAGs    # Errors  Last Runtime    Last Run
------------------------------  -----  ---------  --------  ----------  --------------  -------------------
/opt/airflow/dags/ebird_dag.py                           1           0  0.63s           2025-11-19T04:38:57
================================================================================
[2025-11-19T04:39:56.372+0000] {manager.py:878} INFO - 
================================================================================
DAG File Processing Stats

File Path                       PID    Runtime      # DAGs    # Errors  Last Runtime    Last Run
------------------------------  -----  ---------  --------  ----------  --------------  -------------------
/opt/airflow/dags/ebird_dag.py                           1           0  0.66s           2025-11-19T04:39:28
================================================================================
[2025-11-19T04:40:27.041+0000] {manager.py:878} INFO - 
================================================================================
DAG File Processing Stats

File Path                       PID    Runtime      # DAGs    # Errors  Last Runtime    Last Run
------------------------------  -----  ---------  --------  ----------  --------------  -------------------
/opt/airflow/dags/ebird_dag.py                           1           0  0.49s           2025-11-19T04:40:14
================================================================================
[2025-11-19T04:40:57.519+0000] {manager.py:878} INFO - 
================================================================================
DAG File Processing Stats

File Path                       PID    Runtime      # DAGs    # Errors  Last Runtime    Last Run
------------------------------  -----  ---------  --------  ----------  --------------  -------------------
/opt/airflow/dags/ebird_dag.py                           1           0  0.46s           2025-11-19T04:40:44
================================================================================
[2025-11-19T04:41:28.008+0000] {manager.py:878} INFO - 
================================================================================
DAG File Processing Stats

File Path                       PID    Runtime      # DAGs    # Errors  Last Runtime    Last Run
------------------------------  -----  ---------  --------  ----------  --------------  -------------------
/opt/airflow/dags/ebird_dag.py                           1           0  0.47s           2025-11-19T04:41:15
================================================================================
[2025-11-19T04:41:58.285+0000] {manager.py:878} INFO - 
================================================================================
DAG File Processing Stats

File Path                       PID    Runtime      # DAGs    # Errors  Last Runtime    Last Run
------------------------------  -----  ---------  --------  ----------  --------------  -------------------
/opt/airflow/dags/ebird_dag.py                           1           0  0.51s           2025-11-19T04:41:46
================================================================================
[2025-11-19T04:42:28.580+0000] {manager.py:878} INFO - 
================================================================================
DAG File Processing Stats

File Path                       PID    Runtime      # DAGs    # Errors  Last Runtime    Last Run
------------------------------  -----  ---------  --------  ----------  --------------  -------------------
/opt/airflow/dags/ebird_dag.py                           1           0  0.49s           2025-11-19T04:42:16
================================================================================
[2025-11-19T04:42:58.806+0000] {manager.py:878} INFO - 
================================================================================
DAG File Processing Stats

File Path                       PID    Runtime      # DAGs    # Errors  Last Runtime    Last Run
------------------------------  -----  ---------  --------  ----------  --------------  -------------------
/opt/airflow/dags/ebird_dag.py                           1           0  0.52s           2025-11-19T04:42:47
================================================================================
[2025-11-19T04:43:29.260+0000] {manager.py:878} INFO - 
================================================================================
DAG File Processing Stats

File Path                       PID    Runtime      # DAGs    # Errors  Last Runtime    Last Run
------------------------------  -----  ---------  --------  ----------  --------------  -------------------
/opt/airflow/dags/ebird_dag.py                           1           0  0.44s           2025-11-19T04:43:18
================================================================================
[2025-11-19T04:43:42.709+0000] {manager.py:737} INFO - Searching for files in /opt/airflow/dags
[2025-11-19T04:43:42.717+0000] {manager.py:740} INFO - There are 1 files in /opt/airflow/dags
[2025-11-19T04:43:59.354+0000] {manager.py:878} INFO - 
================================================================================
DAG File Processing Stats

File Path                       PID    Runtime      # DAGs    # Errors  Last Runtime    Last Run
------------------------------  -----  ---------  --------  ----------  --------------  -------------------
/opt/airflow/dags/ebird_dag.py                           1           0  0.49s           2025-11-19T04:43:49
================================================================================
[2025-11-19T04:44:30.228+0000] {manager.py:878} INFO - 
================================================================================
DAG File Processing Stats

File Path                       PID    Runtime      # DAGs    # Errors  Last Runtime    Last Run
------------------------------  -----  ---------  --------  ----------  --------------  -------------------
/opt/airflow/dags/ebird_dag.py                           1           0  0.57s           2025-11-19T04:44:20
================================================================================
[2025-11-19T04:45:00.566+0000] {manager.py:878} INFO - 
================================================================================
DAG File Processing Stats

File Path                       PID    Runtime      # DAGs    # Errors  Last Runtime    Last Run
------------------------------  -----  ---------  --------  ----------  --------------  -------------------
/opt/airflow/dags/ebird_dag.py                           1           0  0.48s           2025-11-19T04:44:50
================================================================================
[2025-11-19T04:45:30.840+0000] {manager.py:878} INFO - 
================================================================================
DAG File Processing Stats

File Path                       PID    Runtime      # DAGs    # Errors  Last Runtime    Last Run
------------------------------  -----  ---------  --------  ----------  --------------  -------------------
/opt/airflow/dags/ebird_dag.py                           1           0  0.54s           2025-11-19T04:45:21
================================================================================
[2025-11-19T04:46:01.177+0000] {manager.py:878} INFO - 
================================================================================
DAG File Processing Stats

File Path                       PID    Runtime      # DAGs    # Errors  Last Runtime    Last Run
------------------------------  -----  ---------  --------  ----------  --------------  -------------------
/opt/airflow/dags/ebird_dag.py                           1           0  0.48s           2025-11-19T04:45:52
================================================================================
[2025-11-19T04:46:31.378+0000] {manager.py:878} INFO - 
================================================================================
DAG File Processing Stats

File Path                       PID    Runtime      # DAGs    # Errors  Last Runtime    Last Run
------------------------------  -----  ---------  --------  ----------  --------------  -------------------
/opt/airflow/dags/ebird_dag.py                           1           0  0.51s           2025-11-19T04:46:23
================================================================================
[2025-11-19T04:46:59.542+0000] {manager.py:452} INFO - Exiting gracefully upon receiving signal 15
[2025-11-19T04:49:11.550+0000] {manager.py:470} INFO - Processing files using up to 2 processes at a time 
[2025-11-19T04:49:11.551+0000] {manager.py:471} INFO - Process each file at most once every 30 seconds
[2025-11-19T04:49:11.551+0000] {manager.py:472} INFO - Checking for new files in /opt/airflow/dags every 300 seconds
[2025-11-19T04:49:11.552+0000] {manager.py:737} INFO - Searching for files in /opt/airflow/dags
[2025-11-19T04:49:11.553+0000] {manager.py:740} INFO - There are 1 files in /opt/airflow/dags
[2025-11-19T04:49:11.667+0000] {manager.py:878} INFO - 
================================================================================
DAG File Processing Stats

File Path                         PID  Runtime      # DAGs    # Errors  Last Runtime    Last Run
------------------------------  -----  ---------  --------  ----------  --------------  ----------
/opt/airflow/dags/ebird_dag.py    193  0.08s             0           0
================================================================================
[2025-11-19T04:49:41.967+0000] {manager.py:878} INFO - 
================================================================================
DAG File Processing Stats

File Path                       PID    Runtime      # DAGs    # Errors  Last Runtime    Last Run
------------------------------  -----  ---------  --------  ----------  --------------  -------------------
/opt/airflow/dags/ebird_dag.py                           1           0  0.48s           2025-11-19T04:49:12
================================================================================
[2025-11-19T04:50:12.274+0000] {manager.py:878} INFO - 
================================================================================
DAG File Processing Stats

File Path                       PID    Runtime      # DAGs    # Errors  Last Runtime    Last Run
------------------------------  -----  ---------  --------  ----------  --------------  -------------------
/opt/airflow/dags/ebird_dag.py                           1           0  0.60s           2025-11-19T04:49:43
================================================================================
[2025-11-19T04:50:42.606+0000] {manager.py:878} INFO - 
================================================================================
DAG File Processing Stats

File Path                       PID    Runtime      # DAGs    # Errors  Last Runtime    Last Run
------------------------------  -----  ---------  --------  ----------  --------------  -------------------
/opt/airflow/dags/ebird_dag.py                           1           0  0.51s           2025-11-19T04:50:13
================================================================================
[2025-11-19T04:51:12.796+0000] {manager.py:878} INFO - 
================================================================================
DAG File Processing Stats

File Path                       PID    Runtime      # DAGs    # Errors  Last Runtime    Last Run
------------------------------  -----  ---------  --------  ----------  --------------  -------------------
/opt/airflow/dags/ebird_dag.py                           1           0  0.48s           2025-11-19T04:50:44
================================================================================
[2025-11-19T04:51:43.091+0000] {manager.py:878} INFO - 
================================================================================
DAG File Processing Stats

File Path                       PID    Runtime      # DAGs    # Errors  Last Runtime    Last Run
------------------------------  -----  ---------  --------  ----------  --------------  -------------------
/opt/airflow/dags/ebird_dag.py                           1           0  0.48s           2025-11-19T04:51:15
================================================================================
[2025-11-19T04:52:13.289+0000] {manager.py:878} INFO - 
================================================================================
DAG File Processing Stats

File Path                       PID    Runtime      # DAGs    # Errors  Last Runtime    Last Run
------------------------------  -----  ---------  --------  ----------  --------------  -------------------
/opt/airflow/dags/ebird_dag.py                           1           0  0.78s           2025-11-19T04:51:56
================================================================================
[2025-11-19T04:52:43.765+0000] {manager.py:878} INFO - 
================================================================================
DAG File Processing Stats

File Path                       PID    Runtime      # DAGs    # Errors  Last Runtime    Last Run
------------------------------  -----  ---------  --------  ----------  --------------  -------------------
/opt/airflow/dags/ebird_dag.py                           1           0  1.24s           2025-11-19T04:52:27
================================================================================
[2025-11-19T04:53:14.092+0000] {manager.py:878} INFO - 
================================================================================
DAG File Processing Stats

File Path                       PID    Runtime      # DAGs    # Errors  Last Runtime    Last Run
------------------------------  -----  ---------  --------  ----------  --------------  -------------------
/opt/airflow/dags/ebird_dag.py                           1           0  0.48s           2025-11-19T04:52:58
================================================================================
[2025-11-19T04:53:44.328+0000] {manager.py:878} INFO - 
================================================================================
DAG File Processing Stats

File Path                       PID    Runtime      # DAGs    # Errors  Last Runtime    Last Run
------------------------------  -----  ---------  --------  ----------  --------------  -------------------
/opt/airflow/dags/ebird_dag.py                           1           0  0.61s           2025-11-19T04:53:29
================================================================================
[2025-11-19T04:54:12.120+0000] {manager.py:737} INFO - Searching for files in /opt/airflow/dags
[2025-11-19T04:54:12.137+0000] {manager.py:740} INFO - There are 1 files in /opt/airflow/dags
[2025-11-19T04:54:15.192+0000] {manager.py:878} INFO - 
================================================================================
DAG File Processing Stats

File Path                       PID    Runtime      # DAGs    # Errors  Last Runtime    Last Run
------------------------------  -----  ---------  --------  ----------  --------------  -------------------
/opt/airflow/dags/ebird_dag.py                           1           0  0.54s           2025-11-19T04:54:00
================================================================================
[2025-11-19T04:54:45.515+0000] {manager.py:878} INFO - 
================================================================================
DAG File Processing Stats

File Path                       PID    Runtime      # DAGs    # Errors  Last Runtime    Last Run
------------------------------  -----  ---------  --------  ----------  --------------  -------------------
/opt/airflow/dags/ebird_dag.py                           1           0  0.49s           2025-11-19T04:54:30
================================================================================
[2025-11-19T04:55:15.760+0000] {manager.py:878} INFO - 
================================================================================
DAG File Processing Stats

File Path                       PID    Runtime      # DAGs    # Errors  Last Runtime    Last Run
------------------------------  -----  ---------  --------  ----------  --------------  -------------------
/opt/airflow/dags/ebird_dag.py                           1           0  0.53s           2025-11-19T04:55:01
================================================================================
[2025-11-19T04:55:46.091+0000] {manager.py:878} INFO - 
================================================================================
DAG File Processing Stats

File Path                       PID    Runtime      # DAGs    # Errors  Last Runtime    Last Run
------------------------------  -----  ---------  --------  ----------  --------------  -------------------
/opt/airflow/dags/ebird_dag.py                           1           0  0.52s           2025-11-19T04:55:32
================================================================================
[2025-11-19T04:56:16.267+0000] {manager.py:878} INFO - 
================================================================================
DAG File Processing Stats

File Path                       PID    Runtime      # DAGs    # Errors  Last Runtime    Last Run
------------------------------  -----  ---------  --------  ----------  --------------  -------------------
/opt/airflow/dags/ebird_dag.py                           1           0  0.45s           2025-11-19T04:56:03
================================================================================
[2025-11-19T04:56:46.451+0000] {manager.py:878} INFO - 
================================================================================
DAG File Processing Stats

File Path                       PID    Runtime      # DAGs    # Errors  Last Runtime    Last Run
------------------------------  -----  ---------  --------  ----------  --------------  -------------------
/opt/airflow/dags/ebird_dag.py                           1           0  0.90s           2025-11-19T04:56:34
================================================================================
[2025-11-19T04:57:16.734+0000] {manager.py:878} INFO - 
================================================================================
DAG File Processing Stats

File Path                       PID    Runtime      # DAGs    # Errors  Last Runtime    Last Run
------------------------------  -----  ---------  --------  ----------  --------------  -------------------
/opt/airflow/dags/ebird_dag.py                           1           0  0.45s           2025-11-19T04:57:04
================================================================================
[2025-11-19T04:57:47.420+0000] {manager.py:878} INFO - 
================================================================================
DAG File Processing Stats

File Path                       PID    Runtime      # DAGs    # Errors  Last Runtime    Last Run
------------------------------  -----  ---------  --------  ----------  --------------  -------------------
/opt/airflow/dags/ebird_dag.py                           1           0  0.48s           2025-11-19T04:57:35
================================================================================
[2025-11-19T04:58:18.328+0000] {manager.py:878} INFO - 
================================================================================
DAG File Processing Stats

File Path                       PID    Runtime      # DAGs    # Errors  Last Runtime    Last Run
------------------------------  -----  ---------  --------  ----------  --------------  -------------------
/opt/airflow/dags/ebird_dag.py                           1           0  0.63s           2025-11-19T04:58:06
================================================================================
[2025-11-19T04:58:48.730+0000] {manager.py:878} INFO - 
================================================================================
DAG File Processing Stats

File Path                       PID    Runtime      # DAGs    # Errors  Last Runtime    Last Run
------------------------------  -----  ---------  --------  ----------  --------------  -------------------
/opt/airflow/dags/ebird_dag.py                           1           0  0.46s           2025-11-19T04:58:37
================================================================================
[2025-11-19T04:59:12.319+0000] {manager.py:737} INFO - Searching for files in /opt/airflow/dags
[2025-11-19T04:59:12.332+0000] {manager.py:740} INFO - There are 1 files in /opt/airflow/dags
[2025-11-19T04:59:19.437+0000] {manager.py:878} INFO - 
================================================================================
DAG File Processing Stats

File Path                       PID    Runtime      # DAGs    # Errors  Last Runtime    Last Run
------------------------------  -----  ---------  --------  ----------  --------------  -------------------
/opt/airflow/dags/ebird_dag.py                           1           0  0.55s           2025-11-19T04:59:02
================================================================================
[2025-11-19T04:59:49.829+0000] {manager.py:878} INFO - 
================================================================================
DAG File Processing Stats

File Path                       PID    Runtime      # DAGs    # Errors  Last Runtime    Last Run
------------------------------  -----  ---------  --------  ----------  --------------  -------------------
/opt/airflow/dags/ebird_dag.py                           1           0  0.32s           2025-11-19T04:59:32
================================================================================
[2025-11-19T05:00:19.973+0000] {manager.py:878} INFO - 
================================================================================
DAG File Processing Stats

File Path                       PID    Runtime      # DAGs    # Errors  Last Runtime    Last Run
------------------------------  -----  ---------  --------  ----------  --------------  -------------------
/opt/airflow/dags/ebird_dag.py                           1           0  0.50s           2025-11-19T05:00:15
================================================================================
[2025-11-19T05:00:50.252+0000] {manager.py:878} INFO - 
================================================================================
DAG File Processing Stats

File Path                       PID    Runtime      # DAGs    # Errors  Last Runtime    Last Run
------------------------------  -----  ---------  --------  ----------  --------------  -------------------
/opt/airflow/dags/ebird_dag.py                           1           0  1.15s           2025-11-19T05:00:47
================================================================================
[2025-11-19T05:01:20.626+0000] {manager.py:878} INFO - 
================================================================================
DAG File Processing Stats

File Path                       PID    Runtime      # DAGs    # Errors  Last Runtime    Last Run
------------------------------  -----  ---------  --------  ----------  --------------  -------------------
/opt/airflow/dags/ebird_dag.py                           1           0  0.47s           2025-11-19T05:01:18
================================================================================
[2025-11-19T05:01:50.796+0000] {manager.py:878} INFO - 
================================================================================
DAG File Processing Stats

File Path                       PID    Runtime      # DAGs    # Errors  Last Runtime    Last Run
------------------------------  -----  ---------  --------  ----------  --------------  -------------------
/opt/airflow/dags/ebird_dag.py                           1           0  0.48s           2025-11-19T05:01:48
================================================================================
[2025-11-19T05:02:20.833+0000] {manager.py:878} INFO - 
================================================================================
DAG File Processing Stats

File Path                       PID    Runtime      # DAGs    # Errors  Last Runtime    Last Run
------------------------------  -----  ---------  --------  ----------  --------------  -------------------
/opt/airflow/dags/ebird_dag.py                           1           0  0.78s           2025-11-19T05:02:19
================================================================================
[2025-11-19T05:02:51.057+0000] {manager.py:878} INFO - 
================================================================================
DAG File Processing Stats

File Path                       PID    Runtime      # DAGs    # Errors  Last Runtime    Last Run
------------------------------  -----  ---------  --------  ----------  --------------  -------------------
/opt/airflow/dags/ebird_dag.py                           1           0  0.50s           2025-11-19T05:02:50
================================================================================
[2025-11-19T05:03:21.293+0000] {manager.py:878} INFO - 
================================================================================
DAG File Processing Stats

File Path                       PID    Runtime      # DAGs    # Errors  Last Runtime    Last Run
------------------------------  -----  ---------  --------  ----------  --------------  -------------------
/opt/airflow/dags/ebird_dag.py                           1           0  0.52s           2025-11-19T05:03:21
================================================================================
[2025-11-19T05:03:51.572+0000] {manager.py:878} INFO - 
================================================================================
DAG File Processing Stats

File Path                         PID  Runtime      # DAGs    # Errors  Last Runtime    Last Run
------------------------------  -----  ---------  --------  ----------  --------------  -------------------
/opt/airflow/dags/ebird_dag.py    452  0.03s             1           0  0.52s           2025-11-19T05:03:21
================================================================================
[2025-11-19T05:04:12.766+0000] {manager.py:737} INFO - Searching for files in /opt/airflow/dags
[2025-11-19T05:04:12.778+0000] {manager.py:740} INFO - There are 1 files in /opt/airflow/dags
[2025-11-19T05:04:21.875+0000] {manager.py:878} INFO - 
================================================================================
DAG File Processing Stats

File Path                       PID    Runtime      # DAGs    # Errors  Last Runtime    Last Run
------------------------------  -----  ---------  --------  ----------  --------------  -------------------
/opt/airflow/dags/ebird_dag.py                           1           0  0.52s           2025-11-19T05:03:52
================================================================================
[2025-11-19T05:04:52.183+0000] {manager.py:878} INFO - 
================================================================================
DAG File Processing Stats

File Path                       PID    Runtime      # DAGs    # Errors  Last Runtime    Last Run
------------------------------  -----  ---------  --------  ----------  --------------  -------------------
/opt/airflow/dags/ebird_dag.py                           1           0  0.56s           2025-11-19T05:04:22
================================================================================
[2025-11-19T05:05:22.499+0000] {manager.py:878} INFO - 
================================================================================
DAG File Processing Stats

File Path                       PID    Runtime      # DAGs    # Errors  Last Runtime    Last Run
------------------------------  -----  ---------  --------  ----------  --------------  -------------------
/opt/airflow/dags/ebird_dag.py                           1           0  0.53s           2025-11-19T05:04:53
================================================================================
[2025-11-19T05:05:52.695+0000] {manager.py:878} INFO - 
================================================================================
DAG File Processing Stats

File Path                       PID    Runtime      # DAGs    # Errors  Last Runtime    Last Run
------------------------------  -----  ---------  --------  ----------  --------------  -------------------
/opt/airflow/dags/ebird_dag.py                           1           0  0.52s           2025-11-19T05:05:24
================================================================================
[2025-11-19T05:06:23.528+0000] {manager.py:878} INFO - 
================================================================================
DAG File Processing Stats

File Path                       PID    Runtime      # DAGs    # Errors  Last Runtime    Last Run
------------------------------  -----  ---------  --------  ----------  --------------  -------------------
/opt/airflow/dags/ebird_dag.py                           1           0  0.68s           2025-11-19T05:05:55
================================================================================
[2025-11-19T05:06:53.649+0000] {manager.py:878} INFO - 
================================================================================
DAG File Processing Stats

File Path                       PID    Runtime      # DAGs    # Errors  Last Runtime    Last Run
------------------------------  -----  ---------  --------  ----------  --------------  -------------------
/opt/airflow/dags/ebird_dag.py                           1           0  0.82s           2025-11-19T05:06:26
================================================================================
[2025-11-19T05:07:24.257+0000] {manager.py:878} INFO - 
================================================================================
DAG File Processing Stats

File Path                       PID    Runtime      # DAGs    # Errors  Last Runtime    Last Run
------------------------------  -----  ---------  --------  ----------  --------------  -------------------
/opt/airflow/dags/ebird_dag.py                           1           0  0.50s           2025-11-19T05:06:57
================================================================================
[2025-11-19T05:07:54.651+0000] {manager.py:878} INFO - 
================================================================================
DAG File Processing Stats

File Path                       PID    Runtime      # DAGs    # Errors  Last Runtime    Last Run
------------------------------  -----  ---------  --------  ----------  --------------  -------------------
/opt/airflow/dags/ebird_dag.py                           1           0  0.55s           2025-11-19T05:07:27
================================================================================
[2025-11-19T05:08:24.866+0000] {manager.py:878} INFO - 
================================================================================
DAG File Processing Stats

File Path                       PID    Runtime      # DAGs    # Errors  Last Runtime    Last Run
------------------------------  -----  ---------  --------  ----------  --------------  -------------------
/opt/airflow/dags/ebird_dag.py                           1           0  0.54s           2025-11-19T05:07:58
================================================================================
[2025-11-19T05:08:55.770+0000] {manager.py:878} INFO - 
================================================================================
DAG File Processing Stats

File Path                       PID    Runtime      # DAGs    # Errors  Last Runtime    Last Run
------------------------------  -----  ---------  --------  ----------  --------------  -------------------
/opt/airflow/dags/ebird_dag.py                           1           0  0.58s           2025-11-19T05:08:29
================================================================================
[2025-11-19T05:09:13.999+0000] {manager.py:737} INFO - Searching for files in /opt/airflow/dags
[2025-11-19T05:09:13.010+0000] {manager.py:740} INFO - There are 1 files in /opt/airflow/dags
[2025-11-19T05:09:26.199+0000] {manager.py:878} INFO - 
================================================================================
DAG File Processing Stats

File Path                       PID    Runtime      # DAGs    # Errors  Last Runtime    Last Run
------------------------------  -----  ---------  --------  ----------  --------------  -------------------
/opt/airflow/dags/ebird_dag.py                           1           0  0.57s           2025-11-19T05:09:00
================================================================================
[2025-11-19T05:09:56.543+0000] {manager.py:878} INFO - 
================================================================================
DAG File Processing Stats

File Path                       PID    Runtime      # DAGs    # Errors  Last Runtime    Last Run
------------------------------  -----  ---------  --------  ----------  --------------  -------------------
/opt/airflow/dags/ebird_dag.py                           1           0  0.55s           2025-11-19T05:09:31
================================================================================
[2025-11-19T05:10:26.969+0000] {manager.py:878} INFO - 
================================================================================
DAG File Processing Stats

File Path                       PID    Runtime      # DAGs    # Errors  Last Runtime    Last Run
------------------------------  -----  ---------  --------  ----------  --------------  -------------------
/opt/airflow/dags/ebird_dag.py                           1           0  0.57s           2025-11-19T05:10:02
================================================================================
[2025-11-19T05:10:57.242+0000] {manager.py:878} INFO - 
================================================================================
DAG File Processing Stats

File Path                       PID    Runtime      # DAGs    # Errors  Last Runtime    Last Run
------------------------------  -----  ---------  --------  ----------  --------------  -------------------
/opt/airflow/dags/ebird_dag.py                           1           0  0.55s           2025-11-19T05:10:33
================================================================================
[2025-11-19T05:11:27.578+0000] {manager.py:878} INFO - 
================================================================================
DAG File Processing Stats

File Path                       PID    Runtime      # DAGs    # Errors  Last Runtime    Last Run
------------------------------  -----  ---------  --------  ----------  --------------  -------------------
/opt/airflow/dags/ebird_dag.py                           1           0  0.52s           2025-11-19T05:11:03
================================================================================
[2025-11-19T05:11:57.846+0000] {manager.py:878} INFO - 
================================================================================
DAG File Processing Stats

File Path                       PID    Runtime      # DAGs    # Errors  Last Runtime    Last Run
------------------------------  -----  ---------  --------  ----------  --------------  -------------------
/opt/airflow/dags/ebird_dag.py                           1           0  0.69s           2025-11-19T05:11:34
================================================================================
[2025-11-19T05:12:28.232+0000] {manager.py:878} INFO - 
================================================================================
DAG File Processing Stats

File Path                       PID    Runtime      # DAGs    # Errors  Last Runtime    Last Run
------------------------------  -----  ---------  --------  ----------  --------------  -------------------
/opt/airflow/dags/ebird_dag.py                           1           0  0.66s           2025-11-19T05:12:06
================================================================================
[2025-11-19T05:12:58.618+0000] {manager.py:878} INFO - 
================================================================================
DAG File Processing Stats

File Path                       PID    Runtime      # DAGs    # Errors  Last Runtime    Last Run
------------------------------  -----  ---------  --------  ----------  --------------  -------------------
/opt/airflow/dags/ebird_dag.py                           1           0  0.52s           2025-11-19T05:12:36
================================================================================
[2025-11-19T05:13:28.787+0000] {manager.py:878} INFO - 
================================================================================
DAG File Processing Stats

File Path                       PID    Runtime      # DAGs    # Errors  Last Runtime    Last Run
------------------------------  -----  ---------  --------  ----------  --------------  -------------------
/opt/airflow/dags/ebird_dag.py                           1           0  0.50s           2025-11-19T05:13:07
================================================================================
[2025-11-19T05:13:59.654+0000] {manager.py:878} INFO - 
================================================================================
DAG File Processing Stats

File Path                       PID    Runtime      # DAGs    # Errors  Last Runtime    Last Run
------------------------------  -----  ---------  --------  ----------  --------------  -------------------
/opt/airflow/dags/ebird_dag.py                           1           0  0.55s           2025-11-19T05:13:38
================================================================================
[2025-11-19T05:14:13.526+0000] {manager.py:737} INFO - Searching for files in /opt/airflow/dags
[2025-11-19T05:14:13.534+0000] {manager.py:740} INFO - There are 1 files in /opt/airflow/dags
[2025-11-19T05:14:30.140+0000] {manager.py:878} INFO - 
================================================================================
DAG File Processing Stats

File Path                       PID    Runtime      # DAGs    # Errors  Last Runtime    Last Run
------------------------------  -----  ---------  --------  ----------  --------------  -------------------
/opt/airflow/dags/ebird_dag.py                           1           0  0.52s           2025-11-19T05:14:17
================================================================================
[2025-11-19T05:15:00.460+0000] {manager.py:878} INFO - 
================================================================================
DAG File Processing Stats

File Path                       PID    Runtime      # DAGs    # Errors  Last Runtime    Last Run
------------------------------  -----  ---------  --------  ----------  --------------  -------------------
/opt/airflow/dags/ebird_dag.py                           1           0  0.62s           2025-11-19T05:14:32
================================================================================
[2025-11-19T05:15:30.853+0000] {manager.py:878} INFO - 
================================================================================
DAG File Processing Stats

File Path                       PID    Runtime      # DAGs    # Errors  Last Runtime    Last Run
------------------------------  -----  ---------  --------  ----------  --------------  -------------------
/opt/airflow/dags/ebird_dag.py                           1           0  0.59s           2025-11-19T05:15:03
================================================================================
[2025-11-19T05:16:01.212+0000] {manager.py:878} INFO - 
================================================================================
DAG File Processing Stats

File Path                       PID    Runtime      # DAGs    # Errors  Last Runtime    Last Run
------------------------------  -----  ---------  --------  ----------  --------------  -------------------
/opt/airflow/dags/ebird_dag.py                           1           0  0.63s           2025-11-19T05:15:54
================================================================================
[2025-11-19T05:16:31.463+0000] {manager.py:878} INFO - 
================================================================================
DAG File Processing Stats

File Path                       PID    Runtime      # DAGs    # Errors  Last Runtime    Last Run
------------------------------  -----  ---------  --------  ----------  --------------  -------------------
/opt/airflow/dags/ebird_dag.py                           1           0  0.50s           2025-11-19T05:16:25
================================================================================
[2025-11-19T05:17:01.829+0000] {manager.py:878} INFO - 
================================================================================
DAG File Processing Stats

File Path                       PID    Runtime      # DAGs    # Errors  Last Runtime    Last Run
------------------------------  -----  ---------  --------  ----------  --------------  -------------------
/opt/airflow/dags/ebird_dag.py                           1           0  0.58s           2025-11-19T05:16:56
================================================================================
[2025-11-19T05:17:32.274+0000] {manager.py:878} INFO - 
================================================================================
DAG File Processing Stats

File Path                       PID    Runtime      # DAGs    # Errors  Last Runtime    Last Run
------------------------------  -----  ---------  --------  ----------  --------------  -------------------
/opt/airflow/dags/ebird_dag.py                           1           0  0.60s           2025-11-19T05:17:27
================================================================================
[2025-11-19T05:18:02.708+0000] {manager.py:878} INFO - 
================================================================================
DAG File Processing Stats

File Path                       PID    Runtime      # DAGs    # Errors  Last Runtime    Last Run
------------------------------  -----  ---------  --------  ----------  --------------  -------------------
/opt/airflow/dags/ebird_dag.py                           1           0  0.55s           2025-11-19T05:17:58
================================================================================
[2025-11-19T05:18:32.970+0000] {manager.py:878} INFO - 
================================================================================
DAG File Processing Stats

File Path                       PID    Runtime      # DAGs    # Errors  Last Runtime    Last Run
------------------------------  -----  ---------  --------  ----------  --------------  -------------------
/opt/airflow/dags/ebird_dag.py                           1           0  0.54s           2025-11-19T05:18:29
================================================================================
[2025-11-19T05:19:03.385+0000] {manager.py:878} INFO - 
================================================================================
DAG File Processing Stats

File Path                       PID    Runtime      # DAGs    # Errors  Last Runtime    Last Run
------------------------------  -----  ---------  --------  ----------  --------------  -------------------
/opt/airflow/dags/ebird_dag.py                           1           0  0.53s           2025-11-19T05:18:59
================================================================================
[2025-11-19T05:19:13.952+0000] {manager.py:737} INFO - Searching for files in /opt/airflow/dags
[2025-11-19T05:19:13.963+0000] {manager.py:740} INFO - There are 1 files in /opt/airflow/dags
[2025-11-19T05:19:33.673+0000] {manager.py:878} INFO - 
================================================================================
DAG File Processing Stats

File Path                       PID    Runtime      # DAGs    # Errors  Last Runtime    Last Run
------------------------------  -----  ---------  --------  ----------  --------------  -------------------
/opt/airflow/dags/ebird_dag.py                           1           0  0.66s           2025-11-19T05:19:30
================================================================================
[2025-11-19T05:20:03.817+0000] {manager.py:878} INFO - 
================================================================================
DAG File Processing Stats

File Path                       PID    Runtime      # DAGs    # Errors  Last Runtime    Last Run
------------------------------  -----  ---------  --------  ----------  --------------  -------------------
/opt/airflow/dags/ebird_dag.py                           1           0  0.77s           2025-11-19T05:20:01
================================================================================
[2025-11-19T05:20:34.453+0000] {manager.py:878} INFO - 
================================================================================
DAG File Processing Stats

File Path                       PID    Runtime      # DAGs    # Errors  Last Runtime    Last Run
------------------------------  -----  ---------  --------  ----------  --------------  -------------------
/opt/airflow/dags/ebird_dag.py                           1           0  0.56s           2025-11-19T05:20:32
================================================================================
[2025-11-19T05:21:04.935+0000] {manager.py:878} INFO - 
================================================================================
DAG File Processing Stats

File Path                       PID    Runtime      # DAGs    # Errors  Last Runtime    Last Run
------------------------------  -----  ---------  --------  ----------  --------------  -------------------
/opt/airflow/dags/ebird_dag.py                           1           0  0.55s           2025-11-19T05:21:03
================================================================================
[2025-11-19T05:21:35.216+0000] {manager.py:878} INFO - 
================================================================================
DAG File Processing Stats

File Path                       PID    Runtime      # DAGs    # Errors  Last Runtime    Last Run
------------------------------  -----  ---------  --------  ----------  --------------  -------------------
/opt/airflow/dags/ebird_dag.py                           1           0  0.57s           2025-11-19T05:21:34
================================================================================
[2025-11-19T05:22:05.520+0000] {manager.py:878} INFO - 
================================================================================
DAG File Processing Stats

File Path                       PID    Runtime      # DAGs    # Errors  Last Runtime    Last Run
------------------------------  -----  ---------  --------  ----------  --------------  -------------------
/opt/airflow/dags/ebird_dag.py                           1           0  0.54s           2025-11-19T05:22:05
================================================================================
[2025-11-19T05:22:35.787+0000] {manager.py:878} INFO - 
================================================================================
DAG File Processing Stats

File Path                         PID  Runtime      # DAGs    # Errors  Last Runtime    Last Run
------------------------------  -----  ---------  --------  ----------  --------------  -------------------
/opt/airflow/dags/ebird_dag.py    749  0.36s             1           0  0.54s           2025-11-19T05:22:05
================================================================================
[2025-11-19T05:23:06.071+0000] {manager.py:878} INFO - 
================================================================================
DAG File Processing Stats

File Path                       PID    Runtime      # DAGs    # Errors  Last Runtime    Last Run
------------------------------  -----  ---------  --------  ----------  --------------  -------------------
/opt/airflow/dags/ebird_dag.py                           1           0  0.66s           2025-11-19T05:22:36
================================================================================
[2025-11-19T07:51:58.328+0000] {manager.py:470} INFO - Processing files using up to 2 processes at a time 
[2025-11-19T07:51:58.329+0000] {manager.py:471} INFO - Process each file at most once every 30 seconds
[2025-11-19T07:51:58.331+0000] {manager.py:472} INFO - Checking for new files in /opt/airflow/dags every 300 seconds
[2025-11-19T07:51:58.333+0000] {manager.py:737} INFO - Searching for files in /opt/airflow/dags
[2025-11-19T07:51:58.345+0000] {manager.py:740} INFO - There are 1 files in /opt/airflow/dags
[2025-11-19T07:51:58.550+0000] {manager.py:878} INFO - 
================================================================================
DAG File Processing Stats

File Path                         PID  Runtime      # DAGs    # Errors  Last Runtime    Last Run
------------------------------  -----  ---------  --------  ----------  --------------  ----------
/opt/airflow/dags/ebird_dag.py    192  0.08s             0           0
================================================================================
[2025-11-19T07:52:28.624+0000] {manager.py:878} INFO - 
================================================================================
DAG File Processing Stats

File Path                       PID    Runtime      # DAGs    # Errors  Last Runtime    Last Run
------------------------------  -----  ---------  --------  ----------  --------------  -------------------
/opt/airflow/dags/ebird_dag.py                           1           0  0.91s           2025-11-19T07:51:59
================================================================================
[2025-11-19T07:52:59.034+0000] {manager.py:878} INFO - 
================================================================================
DAG File Processing Stats

File Path                       PID    Runtime      # DAGs    # Errors  Last Runtime    Last Run
------------------------------  -----  ---------  --------  ----------  --------------  -------------------
/opt/airflow/dags/ebird_dag.py                           1           0  1.07s           2025-11-19T07:52:30
================================================================================
[2025-11-19T07:53:29.170+0000] {manager.py:878} INFO - 
================================================================================
DAG File Processing Stats

File Path                       PID    Runtime      # DAGs    # Errors  Last Runtime    Last Run
------------------------------  -----  ---------  --------  ----------  --------------  -------------------
/opt/airflow/dags/ebird_dag.py                           1           0  0.82s           2025-11-19T07:53:01
================================================================================
[2025-11-19T07:53:59.291+0000] {manager.py:878} INFO - 
================================================================================
DAG File Processing Stats

File Path                       PID    Runtime      # DAGs    # Errors  Last Runtime    Last Run
------------------------------  -----  ---------  --------  ----------  --------------  -------------------
/opt/airflow/dags/ebird_dag.py                           1           0  0.86s           2025-11-19T07:53:33
================================================================================
[2025-11-19T07:54:29.395+0000] {manager.py:878} INFO - 
================================================================================
DAG File Processing Stats

File Path                       PID    Runtime      # DAGs    # Errors  Last Runtime    Last Run
------------------------------  -----  ---------  --------  ----------  --------------  -------------------
/opt/airflow/dags/ebird_dag.py                           1           0  0.75s           2025-11-19T07:54:04
================================================================================
[2025-11-19T07:54:59.479+0000] {manager.py:878} INFO - 
================================================================================
DAG File Processing Stats

File Path                       PID    Runtime      # DAGs    # Errors  Last Runtime    Last Run
------------------------------  -----  ---------  --------  ----------  --------------  -------------------
/opt/airflow/dags/ebird_dag.py                           1           0  0.81s           2025-11-19T07:54:35
================================================================================
[2025-11-19T07:55:29.758+0000] {manager.py:878} INFO - 
================================================================================
DAG File Processing Stats

File Path                       PID    Runtime      # DAGs    # Errors  Last Runtime    Last Run
------------------------------  -----  ---------  --------  ----------  --------------  -------------------
/opt/airflow/dags/ebird_dag.py                           1           0  0.50s           2025-11-19T07:55:06
================================================================================
