[2025-11-19T05:11:39.494+0000] {local_task_job_runner.py:120} INFO - ::group::Pre task execution logs
[2025-11-19T05:11:39.533+0000] {taskinstance.py:2076} INFO - Dependencies all met for dep_context=non-requeueable deps ti=<TaskInstance: ebird_etl.load manual__2025-11-19T05:11:33.141067+00:00 [queued]>
[2025-11-19T05:11:39.539+0000] {taskinstance.py:2076} INFO - Dependencies all met for dep_context=requeueable deps ti=<TaskInstance: ebird_etl.load manual__2025-11-19T05:11:33.141067+00:00 [queued]>
[2025-11-19T05:11:39.539+0000] {taskinstance.py:2306} INFO - Starting attempt 1 of 1
[2025-11-19T05:11:39.548+0000] {taskinstance.py:2330} INFO - Executing <Task(PythonOperator): load> on 2025-11-19 05:11:33.141067+00:00
[2025-11-19T05:11:39.556+0000] {standard_task_runner.py:64} INFO - Started process 595 to run task
[2025-11-19T05:11:39.560+0000] {standard_task_runner.py:90} INFO - Running: ['***', 'tasks', 'run', 'ebird_etl', 'load', 'manual__2025-11-19T05:11:33.141067+00:00', '--job-id', '57', '--raw', '--subdir', 'DAGS_FOLDER/ebird_dag.py', '--cfg-path', '/tmp/tmpz0gsdgn3']
[2025-11-19T05:11:39.565+0000] {standard_task_runner.py:91} INFO - Job 57: Subtask load
[2025-11-19T05:11:39.578+0000] {logging_mixin.py:188} WARNING - /home/***/.local/lib/python3.10/site-packages/***/settings.py:195 DeprecationWarning: The sql_alchemy_conn option in [core] has been moved to the sql_alchemy_conn option in [database] - the old setting has been used, but please update your config.
[2025-11-19T05:11:39.611+0000] {task_command.py:426} INFO - Running <TaskInstance: ebird_etl.load manual__2025-11-19T05:11:33.141067+00:00 [running]> on host f2d66115c881
[2025-11-19T05:11:39.698+0000] {taskinstance.py:2648} INFO - Exporting env vars: AIRFLOW_CTX_DAG_OWNER='ebird_project' AIRFLOW_CTX_DAG_ID='ebird_etl' AIRFLOW_CTX_TASK_ID='load' AIRFLOW_CTX_EXECUTION_DATE='2025-11-19T05:11:33.141067+00:00' AIRFLOW_CTX_TRY_NUMBER='1' AIRFLOW_CTX_DAG_RUN_ID='manual__2025-11-19T05:11:33.141067+00:00'
[2025-11-19T05:11:39.699+0000] {taskinstance.py:430} INFO - ::endgroup::
[2025-11-19T05:11:39.749+0000] {logging_mixin.py:188} INFO - Loaded states table into SQLite database at src/db/ebird.db
[2025-11-19T05:11:39.755+0000] {logging_mixin.py:188} INFO - Loaded lobdow observations into table 'species_lobdow' at src/db/ebird.db
[2025-11-19T05:11:39.763+0000] {logging_mixin.py:188} INFO - Loaded bnhcow observations into table 'species_bnhcow' at src/db/ebird.db
[2025-11-19T05:11:39.769+0000] {logging_mixin.py:188} INFO - Loaded sancra observations into table 'species_sancra' at src/db/ebird.db
[2025-11-19T05:11:39.774+0000] {logging_mixin.py:188} INFO - Loaded comloo observations into table 'species_comloo' at src/db/ebird.db
[2025-11-19T05:11:39.780+0000] {logging_mixin.py:188} INFO - Loaded notable birds into SQLite database at src/db/ebird.db
[2025-11-19T05:11:39.780+0000] {python.py:237} INFO - Done. Returned value was: None
[2025-11-19T05:11:39.780+0000] {taskinstance.py:441} INFO - ::group::Post task execution logs
[2025-11-19T05:11:39.787+0000] {taskinstance.py:1206} INFO - Marking task as SUCCESS. dag_id=ebird_etl, task_id=load, run_id=manual__2025-11-19T05:11:33.141067+00:00, execution_date=20251119T051133, start_date=20251119T051139, end_date=20251119T051139
[2025-11-19T05:11:39.825+0000] {local_task_job_runner.py:243} INFO - Task exited with return code 0
[2025-11-19T05:11:39.839+0000] {taskinstance.py:3503} INFO - 0 downstream tasks scheduled from follow-on schedule check
[2025-11-19T05:11:39.840+0000] {local_task_job_runner.py:222} INFO - ::endgroup::
